This file contains any messages produced by compilers while
running configure, to aid debugging if configure makes a mistake.

It was created by alsa-utils configure 1.2.2, which was
generated by GNU Autoconf 2.69.  Invocation command line was

  $ ./configure --disable-nls

## --------- ##
## Platform. ##
## --------- ##

hostname = raspberrypi
uname -m = armv7l
uname -r = 4.19.97-v7+
uname -s = Linux
uname -v = #1294 SMP Thu Jan 30 13:15:58 GMT 2020

/usr/bin/uname -p = unknown
/bin/uname -X     = unknown

/bin/arch              = unknown
/usr/bin/arch -k       = unknown
/usr/convex/getsysinfo = unknown
/usr/bin/hostinfo      = unknown
/bin/machine           = unknown
/usr/bin/oslevel       = unknown
/bin/universe          = unknown

PATH: /home/pi/.vscode-server/bin/e5a624b788d92b8d34d1392e4c4d9789406efe8f/bin
PATH: /usr/local/sbin
PATH: /usr/local/bin
PATH: /usr/sbin
PATH: /usr/bin
PATH: /sbin
PATH: /bin
PATH: /usr/local/games
PATH: /usr/games


## ----------- ##
## Core tests. ##
## ----------- ##

configure:2390: checking for a BSD-compatible install
configure:2458: result: /usr/bin/install -c
configure:2469: checking whether build environment is sane
configure:2524: result: yes
configure:2673: checking for a thread-safe mkdir -p
configure:2712: result: /bin/mkdir -p
configure:2719: checking for gawk
configure:2749: result: no
configure:2719: checking for mawk
configure:2735: found /usr/bin/mawk
configure:2746: result: mawk
configure:2757: checking whether make sets $(MAKE)
configure:2779: result: yes
configure:2808: checking whether make supports nested variables
configure:2825: result: yes
configure:2953: checking whether to enable maintainer-specific portions of Makefiles
configure:2962: result: yes
configure:2976: checking for a sed that does not truncate output
configure:3040: result: /bin/sed
configure:3046: checking whether NLS is requested
configure:3055: result: no
configure:3095: checking for msgfmt
configure:3130: result: no
configure:3136: checking for gmsgfmt
configure:3167: result: :
configure:3217: checking for xgettext
configure:3252: result: no
configure:3294: checking for msgmerge
configure:3328: result: no
configure:3362: checking whether make supports the include directive
configure:3377: make -f confmf.GNU && cat confinc.out
this is the am__doit target
configure:3380: $? = 0
configure:3399: result: yes (GNU style)
configure:3469: checking for gcc
configure:3485: found /usr/bin/gcc
configure:3496: result: gcc
configure:3725: checking for C compiler version
configure:3734: gcc --version >&5
gcc (Raspbian 8.3.0-6+rpi1) 8.3.0
Copyright (C) 2018 Free Software Foundation, Inc.
This is free software; see the source for copying conditions.  There is NO
warranty; not even for MERCHANTABILITY or FITNESS FOR A PARTICULAR PURPOSE.

configure:3745: $? = 0
configure:3734: gcc -v >&5
Using built-in specs.
COLLECT_GCC=gcc
COLLECT_LTO_WRAPPER=/usr/lib/gcc/arm-linux-gnueabihf/8/lto-wrapper
Target: arm-linux-gnueabihf
Configured with: ../src/configure -v --with-pkgversion='Raspbian 8.3.0-6+rpi1' --with-bugurl=file:///usr/share/doc/gcc-8/README.Bugs --enable-languages=c,ada,c++,go,d,fortran,objc,obj-c++ --prefix=/usr --with-gcc-major-version-only --program-suffix=-8 --program-prefix=arm-linux-gnueabihf- --enable-shared --enable-linker-build-id --libexecdir=/usr/lib --without-included-gettext --enable-threads=posix --libdir=/usr/lib --enable-nls --enable-bootstrap --enable-clocale=gnu --enable-libstdcxx-debug --enable-libstdcxx-time=yes --with-default-libstdcxx-abi=new --enable-gnu-unique-object --disable-libitm --disable-libquadmath --disable-libquadmath-support --enable-plugin --with-system-zlib --with-target-system-zlib --enable-objc-gc=auto --enable-multiarch --disable-sjlj-exceptions --with-arch=armv6 --with-fpu=vfp --with-float=hard --disable-werror --enable-checking=release --build=arm-linux-gnueabihf --host=arm-linux-gnueabihf --target=arm-linux-gnueabihf
Thread model: posix
gcc version 8.3.0 (Raspbian 8.3.0-6+rpi1) 
configure:3745: $? = 0
configure:3734: gcc -V >&5
gcc: error: unrecognized command line option '-V'
gcc: fatal error: no input files
compilation terminated.
configure:3745: $? = 1
configure:3734: gcc -qversion >&5
gcc: error: unrecognized command line option '-qversion'; did you mean '--version'?
gcc: fatal error: no input files
compilation terminated.
configure:3745: $? = 1
configure:3765: checking whether the C compiler works
configure:3787: gcc    conftest.c  >&5
configure:3791: $? = 0
configure:3839: result: yes
configure:3842: checking for C compiler default output file name
configure:3844: result: a.out
configure:3850: checking for suffix of executables
configure:3857: gcc -o conftest    conftest.c  >&5
configure:3861: $? = 0
configure:3883: result: 
configure:3905: checking whether we are cross compiling
configure:3913: gcc -o conftest    conftest.c  >&5
configure:3917: $? = 0
configure:3924: ./conftest
configure:3928: $? = 0
configure:3916: result: no
configure:3921: checking for suffix of object files
configure:3943: gcc -c   conftest.c >&5
configure:3947: $? = 0
configure:3968: result: o
configure:3972: checking whether we are using the GNU C compiler
configure:3991: gcc -c   conftest.c >&5
configure:3991: $? = 0
configure:4000: result: yes
configure:4009: checking whether gcc accepts -g
configure:4029: gcc -c -g  conftest.c >&5
configure:4029: $? = 0
configure:4070: result: yes
configure:4087: checking for gcc option to accept ISO C89
configure:4150: gcc  -c -g -O2  conftest.c >&5
configure:4150: $? = 0
configure:4163: result: none needed
configure:4188: checking whether gcc understands -c and -o together
configure:4210: gcc -c conftest.c -o conftest2.o
configure:4213: $? = 0
configure:4210: gcc -c conftest.c -o conftest2.o
configure:4213: $? = 0
configure:4225: result: yes
configure:4244: checking dependency style of gcc
configure:4355: result: gcc3
configure:4374: checking build system type
configure:4388: result: armv7l-unknown-linux-gnueabihf
configure:4408: checking host system type
configure:4421: result: armv7l-unknown-linux-gnueabihf
configure:4466: checking for ld used by gcc
configure:4533: result: /usr/bin/ld
configure:4540: checking if the linker (/usr/bin/ld) is GNU ld
configure:4555: result: yes
configure:4562: checking for shared library run path origin
configure:4575: result: done
configure:4600: checking how to run the C preprocessor
configure:4631: gcc -E  conftest.c
configure:4631: $? = 0
configure:4645: gcc -E  conftest.c
conftest.c:11:10: fatal error: ac_nonexistent.h: No such file or directory
 #include <ac_nonexistent.h>
          ^~~~~~~~~~~~~~~~~~
compilation terminated.
configure:4645: $? = 1
configure: failed program was:
| /* confdefs.h */
| #define PACKAGE_NAME "alsa-utils"
| #define PACKAGE_TARNAME "alsa-utils"
| #define PACKAGE_VERSION "1.2.2"
| #define PACKAGE_STRING "alsa-utils 1.2.2"
| #define PACKAGE_BUGREPORT ""
| #define PACKAGE_URL ""
| #define PACKAGE "alsa-utils"
| #define VERSION "1.2.2"
| /* end confdefs.h.  */
| #include <ac_nonexistent.h>
configure:4670: result: gcc -E
configure:4690: gcc -E  conftest.c
configure:4690: $? = 0
configure:4704: gcc -E  conftest.c
conftest.c:11:10: fatal error: ac_nonexistent.h: No such file or directory
 #include <ac_nonexistent.h>
          ^~~~~~~~~~~~~~~~~~
compilation terminated.
configure:4704: $? = 1
configure: failed program was:
| /* confdefs.h */
| #define PACKAGE_NAME "alsa-utils"
| #define PACKAGE_TARNAME "alsa-utils"
| #define PACKAGE_VERSION "1.2.2"
| #define PACKAGE_STRING "alsa-utils 1.2.2"
| #define PACKAGE_BUGREPORT ""
| #define PACKAGE_URL ""
| #define PACKAGE "alsa-utils"
| #define VERSION "1.2.2"
| /* end confdefs.h.  */
| #include <ac_nonexistent.h>
configure:4733: checking for grep that handles long lines and -e
configure:4791: result: /bin/grep
configure:4796: checking for egrep
configure:4858: result: /bin/grep -E
configure:5416: checking for CFPreferencesCopyAppValue
configure:5434: gcc -o conftest -g -O2   conftest.c  -Wl,-framework -Wl,CoreFoundation >&5
conftest.c:11:10: fatal error: CoreFoundation/CFPreferences.h: No such file or directory
 #include <CoreFoundation/CFPreferences.h>
          ^~~~~~~~~~~~~~~~~~~~~~~~~~~~~~~~
compilation terminated.
configure:5434: $? = 1
configure: failed program was:
| /* confdefs.h */
| #define PACKAGE_NAME "alsa-utils"
| #define PACKAGE_TARNAME "alsa-utils"
| #define PACKAGE_VERSION "1.2.2"
| #define PACKAGE_STRING "alsa-utils 1.2.2"
| #define PACKAGE_BUGREPORT ""
| #define PACKAGE_URL ""
| #define PACKAGE "alsa-utils"
| #define VERSION "1.2.2"
| /* end confdefs.h.  */
| #include <CoreFoundation/CFPreferences.h>
| int
| main ()
| {
| CFPreferencesCopyAppValue(NULL, NULL)
|   ;
|   return 0;
| }
configure:5443: result: no
configure:5450: checking for CFLocaleCopyCurrent
configure:5468: gcc -o conftest -g -O2   conftest.c  -Wl,-framework -Wl,CoreFoundation >&5
conftest.c:11:10: fatal error: CoreFoundation/CFLocale.h: No such file or directory
 #include <CoreFoundation/CFLocale.h>
          ^~~~~~~~~~~~~~~~~~~~~~~~~~~
compilation terminated.
configure:5468: $? = 1
configure: failed program was:
| /* confdefs.h */
| #define PACKAGE_NAME "alsa-utils"
| #define PACKAGE_TARNAME "alsa-utils"
| #define PACKAGE_VERSION "1.2.2"
| #define PACKAGE_STRING "alsa-utils 1.2.2"
| #define PACKAGE_BUGREPORT ""
| #define PACKAGE_URL ""
| #define PACKAGE "alsa-utils"
| #define VERSION "1.2.2"
| /* end confdefs.h.  */
| #include <CoreFoundation/CFLocale.h>
| int
| main ()
| {
| CFLocaleCopyCurrent();
|   ;
|   return 0;
| }
configure:5477: result: no
configure:6411: checking whether to use NLS
configure:6413: result: no
configure:6535: checking for gcc
configure:6562: result: gcc
configure:6791: checking for C compiler version
configure:6800: gcc --version >&5
gcc (Raspbian 8.3.0-6+rpi1) 8.3.0
Copyright (C) 2018 Free Software Foundation, Inc.
This is free software; see the source for copying conditions.  There is NO
warranty; not even for MERCHANTABILITY or FITNESS FOR A PARTICULAR PURPOSE.

configure:6811: $? = 0
configure:6800: gcc -v >&5
Using built-in specs.
COLLECT_GCC=gcc
COLLECT_LTO_WRAPPER=/usr/lib/gcc/arm-linux-gnueabihf/8/lto-wrapper
Target: arm-linux-gnueabihf
Configured with: ../src/configure -v --with-pkgversion='Raspbian 8.3.0-6+rpi1' --with-bugurl=file:///usr/share/doc/gcc-8/README.Bugs --enable-languages=c,ada,c++,go,d,fortran,objc,obj-c++ --prefix=/usr --with-gcc-major-version-only --program-suffix=-8 --program-prefix=arm-linux-gnueabihf- --enable-shared --enable-linker-build-id --libexecdir=/usr/lib --without-included-gettext --enable-threads=posix --libdir=/usr/lib --enable-nls --enable-bootstrap --enable-clocale=gnu --enable-libstdcxx-debug --enable-libstdcxx-time=yes --with-default-libstdcxx-abi=new --enable-gnu-unique-object --disable-libitm --disable-libquadmath --disable-libquadmath-support --enable-plugin --with-system-zlib --with-target-system-zlib --enable-objc-gc=auto --enable-multiarch --disable-sjlj-exceptions --with-arch=armv6 --with-fpu=vfp --with-float=hard --disable-werror --enable-checking=release --build=arm-linux-gnueabihf --host=arm-linux-gnueabihf --target=arm-linux-gnueabihf
Thread model: posix
gcc version 8.3.0 (Raspbian 8.3.0-6+rpi1) 
configure:6811: $? = 0
configure:6800: gcc -V >&5
gcc: error: unrecognized command line option '-V'
gcc: fatal error: no input files
compilation terminated.
configure:6811: $? = 1
configure:6800: gcc -qversion >&5
gcc: error: unrecognized command line option '-qversion'; did you mean '--version'?
gcc: fatal error: no input files
compilation terminated.
configure:6811: $? = 1
configure:6815: checking whether we are using the GNU C compiler
configure:6843: result: yes
configure:6852: checking whether gcc accepts -g
configure:6913: result: yes
configure:6930: checking for gcc option to accept ISO C89
configure:7006: result: none needed
configure:7031: checking whether gcc understands -c and -o together
configure:7068: result: yes
configure:7087: checking dependency style of gcc
configure:7198: result: gcc3
configure:7215: checking whether ln -s works
configure:7219: result: yes
configure:7226: checking for a sed that does not truncate output
configure:7290: result: /bin/sed
configure:7349: checking for pkg-config
configure:7367: found /usr/bin/pkg-config
configure:7379: result: /usr/bin/pkg-config
configure:7404: checking pkg-config is at least version 0.9.0
configure:7407: result: yes
configure:7446: checking for ALSA CFLAGS
configure:7452: result: 
configure:7455: checking for dlopen in -lc
configure:7480: gcc -o conftest -g -O2   conftest.c -lc   >&5
/usr/bin/ld: /tmp/ccqjFt1n.o: in function `main':
/home/pi/Documents/florianBador/alsa-utils-1.2.2/conftest.c:22: undefined reference to `dlopen'
collect2: error: ld returned 1 exit status
configure:7480: $? = 1
configure: failed program was:
| /* confdefs.h */
| #define PACKAGE_NAME "alsa-utils"
| #define PACKAGE_TARNAME "alsa-utils"
| #define PACKAGE_VERSION "1.2.2"
| #define PACKAGE_STRING "alsa-utils 1.2.2"
| #define PACKAGE_BUGREPORT ""
| #define PACKAGE_URL ""
| #define PACKAGE "alsa-utils"
| #define VERSION "1.2.2"
| /* end confdefs.h.  */
| 
| /* Override any GCC internal prototype to avoid an error.
|    Use char because int might match the return type of a GCC
|    builtin and then its argument prototype would still apply.  */
| #ifdef __cplusplus
| extern "C"
| #endif
| char dlopen ();
| int
| main ()
| {
| return dlopen ();
|   ;
|   return 0;
| }
configure:7489: result: no
configure:7494: checking for dlopen in -ldl
configure:7519: gcc -o conftest -g -O2   conftest.c -ldl   >&5
configure:7519: $? = 0
configure:7528: result: yes
configure:7537: checking for ALSA LDFLAGS
configure:7546: result:  -lasound -lm -ldl -lpthread
configure:7551: checking for libasound headers version >= 1.0.27
configure:7613: gcc -c -g -O2  conftest.c >&5
conftest.c:12:10: fatal error: alsa/asoundlib.h: No such file or directory
 #include <alsa/asoundlib.h>
          ^~~~~~~~~~~~~~~~~~
compilation terminated.
configure:7613: $? = 1
configure: failed program was:
| /* confdefs.h */
| #define PACKAGE_NAME "alsa-utils"
| #define PACKAGE_TARNAME "alsa-utils"
| #define PACKAGE_VERSION "1.2.2"
| #define PACKAGE_STRING "alsa-utils 1.2.2"
| #define PACKAGE_BUGREPORT ""
| #define PACKAGE_URL ""
| #define PACKAGE "alsa-utils"
| #define VERSION "1.2.2"
| /* end confdefs.h.  */
| 
| #include <alsa/asoundlib.h>
| 
| int
| main ()
| {
| 
| /* ensure backward compatibility */
| #if !defined(SND_LIB_MAJOR) && defined(SOUNDLIB_VERSION_MAJOR)
| #define SND_LIB_MAJOR SOUNDLIB_VERSION_MAJOR
| #endif
| #if !defined(SND_LIB_MINOR) && defined(SOUNDLIB_VERSION_MINOR)
| #define SND_LIB_MINOR SOUNDLIB_VERSION_MINOR
| #endif
| #if !defined(SND_LIB_SUBMINOR) && defined(SOUNDLIB_VERSION_SUBMINOR)
| #define SND_LIB_SUBMINOR SOUNDLIB_VERSION_SUBMINOR
| #endif
| 
| #  if(SND_LIB_MAJOR > 1)
|   exit(0);
| #  else
| #    if(SND_LIB_MAJOR < 1)
| #       error not present
| #    endif
| 
| #   if(SND_LIB_MINOR > 0)
|   exit(0);
| #   else
| #     if(SND_LIB_MINOR < 0)
| #          error not present
| #      endif
| 
| #      if(SND_LIB_SUBMINOR < 27)
| #        error not present
| #      endif
| #    endif
| #  endif
| exit(0);
| 
|   ;
|   return 0;
| }
configure:7617: result: not present.
configure:7619: error: Sufficiently new version of libasound not found.

## ---------------- ##
## Cache variables. ##
## ---------------- ##

ac_cv_build=armv7l-unknown-linux-gnueabihf
ac_cv_c_compiler_gnu=yes
ac_cv_env_CC_set=
ac_cv_env_CC_value=
ac_cv_env_CFLAGS_set=
ac_cv_env_CFLAGS_value=
ac_cv_env_CPPFLAGS_set=
ac_cv_env_CPPFLAGS_value=
ac_cv_env_CPP_set=
ac_cv_env_CPP_value=
ac_cv_env_LDFLAGS_set=
ac_cv_env_LDFLAGS_value=
ac_cv_env_LIBS_set=
ac_cv_env_LIBS_value=
ac_cv_env_NCURSESW_CFLAGS_set=
ac_cv_env_NCURSESW_CFLAGS_value=
ac_cv_env_NCURSESW_LIBS_set=
ac_cv_env_NCURSESW_LIBS_value=
ac_cv_env_NCURSES_CFLAGS_set=
ac_cv_env_NCURSES_CFLAGS_value=
ac_cv_env_NCURSES_LIBS_set=
ac_cv_env_NCURSES_LIBS_value=
ac_cv_env_PKG_CONFIG_LIBDIR_set=
ac_cv_env_PKG_CONFIG_LIBDIR_value=
ac_cv_env_PKG_CONFIG_PATH_set=
ac_cv_env_PKG_CONFIG_PATH_value=
ac_cv_env_PKG_CONFIG_set=
ac_cv_env_PKG_CONFIG_value=
ac_cv_env_SYSTEMD_CFLAGS_set=
ac_cv_env_SYSTEMD_CFLAGS_value=
ac_cv_env_SYSTEMD_LIBS_set=
ac_cv_env_SYSTEMD_LIBS_value=
ac_cv_env_build_alias_set=
ac_cv_env_build_alias_value=
ac_cv_env_host_alias_set=
ac_cv_env_host_alias_value=
ac_cv_env_target_alias_set=
ac_cv_env_target_alias_value=
ac_cv_host=armv7l-unknown-linux-gnueabihf
ac_cv_lib_c_dlopen=no
ac_cv_lib_dl_dlopen=yes
ac_cv_objext=o
ac_cv_path_EGREP='/bin/grep -E'
ac_cv_path_GMSGFMT=:
ac_cv_path_GREP=/bin/grep
ac_cv_path_MSGFMT=:
ac_cv_path_MSGMERGE=:
ac_cv_path_SED=/bin/sed
ac_cv_path_XGETTEXT=:
ac_cv_path_ac_pt_PKG_CONFIG=/usr/bin/pkg-config
ac_cv_path_install='/usr/bin/install -c'
ac_cv_path_mkdir=/bin/mkdir
ac_cv_prog_AWK=mawk
ac_cv_prog_CPP='gcc -E'
ac_cv_prog_ac_ct_CC=gcc
ac_cv_prog_cc_c89=
ac_cv_prog_cc_g=yes
ac_cv_prog_make_make_set=yes
acl_cv_hardcode_direct=no
acl_cv_hardcode_libdir_flag_spec='${wl}-rpath ${wl}$libdir'
acl_cv_hardcode_libdir_separator=
acl_cv_hardcode_minus_L=no
acl_cv_libext=a
acl_cv_libname_spec='lib$name'
acl_cv_library_names_spec='$libname$shrext'
acl_cv_path_LD=/usr/bin/ld
acl_cv_prog_gnu_ld=yes
acl_cv_rpath=done
acl_cv_shlibext=so
acl_cv_wl=-Wl,
am_cv_CC_dependencies_compiler_type=gcc3
am_cv_make_support_nested_variables=yes
am_cv_prog_cc_c_o=yes
gt_cv_func_CFLocaleCopyCurrent=no
gt_cv_func_CFPreferencesCopyAppValue=no

## ----------------- ##
## Output variables. ##
## ----------------- ##

ACLOCAL='${SHELL} /home/pi/Documents/florianBador/alsa-utils-1.2.2/missing aclocal-1.16'
ALSACONF_FALSE=''
ALSACONF_TRUE=''
ALSACTL_DAEMONSWITCH=''
ALSACTL_PIDFILE_DIR=''
ALSALOOP_FALSE=''
ALSALOOP_TRUE=''
ALSAMIXER_FALSE=''
ALSAMIXER_TRUE=''
ALSA_CFLAGS=''
ALSA_LIBS=' -lasound -lm -ldl -lpthread'
AMDEPBACKSLASH='\'
AMDEP_FALSE='#'
AMDEP_TRUE=''
AMTAR='$${TAR-tar}'
AM_BACKSLASH='\'
AM_DEFAULT_V='$(AM_DEFAULT_VERBOSITY)'
AM_DEFAULT_VERBOSITY='1'
AM_V='$(V)'
ASOUND_LOCK_DIR=''
ASOUND_STATE_DIR=''
AUTOCONF='${SHELL} /home/pi/Documents/florianBador/alsa-utils-1.2.2/missing autoconf'
AUTOHEADER='${SHELL} /home/pi/Documents/florianBador/alsa-utils-1.2.2/missing autoheader'
AUTOMAKE='${SHELL} /home/pi/Documents/florianBador/alsa-utils-1.2.2/missing automake-1.16'
AWK='mawk'
BAT_FALSE=''
BAT_TRUE=''
CC='gcc'
CCDEPMODE='depmode=gcc3'
CFLAGS='-g -O2'
CPP='gcc -E'
CPPFLAGS=''
CURSESINC=''
CURSESLIB=''
CURSES_CFLAGS=''
CYGPATH_W='echo'
DEFS=''
DEPDIR='.deps'
ECHO_C=''
ECHO_N='-n'
ECHO_T=''
EGREP='/bin/grep -E'
EXEEXT=''
FFTW_CFLAGS=''
FFTW_INC=''
FFTW_LIB=''
GETTEXT_MACRO_VERSION='0.19'
GMSGFMT=':'
GMSGFMT_015=':'
GREP='/bin/grep'
HAVE_FFADO_FALSE=''
HAVE_FFADO_TRUE=''
HAVE_LIBFFTW3_FALSE=''
HAVE_LIBFFTW3_TRUE=''
HAVE_LIBTINYALSA_FALSE=''
HAVE_LIBTINYALSA_TRUE=''
HAVE_MIXER_FALSE=''
HAVE_MIXER_TRUE=''
HAVE_PCM_FALSE=''
HAVE_PCM_TRUE=''
HAVE_RAWMIDI_FALSE=''
HAVE_RAWMIDI_TRUE=''
HAVE_SAMPLERATE_FALSE=''
HAVE_SAMPLERATE_TRUE=''
HAVE_SEQ_FALSE=''
HAVE_SEQ_TRUE=''
HAVE_SYSTEMD_FALSE=''
HAVE_SYSTEMD_TRUE=''
HAVE_TOPOLOGY_FALSE=''
HAVE_TOPOLOGY_TRUE=''
HAVE_UCM_FALSE=''
HAVE_UCM_TRUE=''
INSTALL_DATA='${INSTALL} -m 644'
INSTALL_PROGRAM='${INSTALL}'
INSTALL_SCRIPT='${INSTALL}'
INSTALL_STRIP_PROGRAM='$(install_sh) -c -s'
INTLLIBS=''
INTL_MACOSX_LIBS=''
LDFLAGS=''
LIBICONV='-liconv'
LIBINTL=''
LIBOBJS=''
LIBRT=''
LIBS=' -lasound -lm -ldl -lpthread '
LN_S='ln -s'
LTLIBICONV='-liconv'
LTLIBINTL=''
LTLIBOBJS=''
MAINT=''
MAINTAINER_MODE_FALSE='#'
MAINTAINER_MODE_TRUE=''
MAKEINFO='${SHELL} /home/pi/Documents/florianBador/alsa-utils-1.2.2/missing makeinfo'
MKDIR_P='/bin/mkdir -p'
MSGFMT=':'
MSGFMT_015=':'
MSGMERGE=':'
NCURSESW_CFLAGS=''
NCURSESW_LIBS=''
NCURSES_CFLAGS=''
NCURSES_LIBS=''
OBJEXT='o'
PACKAGE='alsa-utils'
PACKAGE_BUGREPORT=''
PACKAGE_NAME='alsa-utils'
PACKAGE_STRING='alsa-utils 1.2.2'
PACKAGE_TARNAME='alsa-utils'
PACKAGE_URL=''
PACKAGE_VERSION='1.2.2'
PATH_SEPARATOR=':'
PKG_CONFIG='/usr/bin/pkg-config'
PKG_CONFIG_LIBDIR=''
PKG_CONFIG_PATH=''
POSUB=''
SED='/bin/sed'
SET_MAKE=''
SHELL='/bin/bash'
SND_UTIL_MAJOR=''
SND_UTIL_MINOR=''
SND_UTIL_SUBMINOR=''
SND_UTIL_VERSION=''
STRIP=''
SYSTEMD_CFLAGS=''
SYSTEMD_LIBS=''
TESTSOUND=''
USE_NLS='no'
USE_RST2MAN_FALSE=''
USE_RST2MAN_TRUE=''
USE_XMLTO_FALSE=''
USE_XMLTO_TRUE=''
VERSION='1.2.2'
XGETTEXT=':'
XGETTEXT_015=':'
XGETTEXT_EXTRA_OPTIONS=''
ac_ct_CC='gcc'
am__EXEEXT_FALSE=''
am__EXEEXT_TRUE=''
am__fastdepCC_FALSE='#'
am__fastdepCC_TRUE=''
am__include='include'
am__isrc=''
am__leading_dot='.'
am__nodep='_no'
am__quote=''
am__tar='$${TAR-tar} chof - "$$tardir"'
am__untar='$${TAR-tar} xf -'
bindir='${exec_prefix}/bin'
build='armv7l-unknown-linux-gnueabihf'
build_alias=''
build_cpu='armv7l'
build_os='linux-gnueabihf'
build_vendor='unknown'
datadir='${datarootdir}'
datarootdir='${prefix}/share'
docdir='${datarootdir}/doc/${PACKAGE_TARNAME}'
dvidir='${docdir}'
exec_prefix='NONE'
host='armv7l-unknown-linux-gnueabihf'
host_alias=''
host_cpu='armv7l'
host_os='linux-gnueabihf'
host_vendor='unknown'
htmldir='${docdir}'
includedir='${prefix}/include'
infodir='${datarootdir}/info'
install_sh='${SHELL} /home/pi/Documents/florianBador/alsa-utils-1.2.2/install-sh'
libdir='${exec_prefix}/lib'
libexecdir='${exec_prefix}/libexec'
localedir='${datarootdir}/locale'
localstatedir='${prefix}/var'
mandir='${datarootdir}/man'
mkdir_p='$(MKDIR_P)'
mydatadir=''
ncurses5_config=''
ncursesw5_config=''
oldincludedir='/usr/include'
pdfdir='${docdir}'
prefix='NONE'
program_transform_name='s,x,x,'
psdir='${docdir}'
rst2man_available=''
runstatedir='${localstatedir}/run'
sbindir='${exec_prefix}/sbin'
sharedstatedir='${prefix}/com'
sysconfdir='${prefix}/etc'
systemdsystemunitdir=''
target_alias=''
udevrulesdir=''
xmlto_available=''

## ----------- ##
## confdefs.h. ##
## ----------- ##

/* confdefs.h */
#define PACKAGE_NAME "alsa-utils"
#define PACKAGE_TARNAME "alsa-utils"
#define PACKAGE_VERSION "1.2.2"
#define PACKAGE_STRING "alsa-utils 1.2.2"
#define PACKAGE_BUGREPORT ""
#define PACKAGE_URL ""
#define PACKAGE "alsa-utils"
#define VERSION "1.2.2"

configure: exit 1
