This file contains any messages produced by compilers while
running configure, to aid debugging if configure makes a mistake.

It was created by alsa-utils configure 1.2.2, which was
generated by GNU Autoconf 2.69.  Invocation command line was

  $ ./configure --disable-nls --no-create --no-recursion

## --------- ##
## Platform. ##
## --------- ##

hostname = jordans-Yogurt
uname -m = x86_64
uname -r = 5.3.0-62-generic
uname -s = Linux
uname -v = #56-Ubuntu SMP Tue Jun 23 11:20:52 UTC 2020

/usr/bin/uname -p = x86_64
/bin/uname -X     = unknown

/bin/arch              = x86_64
/usr/bin/arch -k       = unknown
/usr/convex/getsysinfo = unknown
/usr/bin/hostinfo      = unknown
/bin/machine           = unknown
/usr/bin/oslevel       = unknown
/bin/universe          = unknown

PATH: /home/jordan/.local/bin
PATH: /home/jordan/bin
PATH: /usr/local/sbin
PATH: /usr/local/bin
PATH: /usr/sbin
PATH: /usr/bin
PATH: /sbin
PATH: /bin
PATH: /usr/games
PATH: /usr/local/games
PATH: /snap/bin


## ----------- ##
## Core tests. ##
## ----------- ##

configure:2390: checking for a BSD-compatible install
configure:2458: result: /usr/bin/install -c
configure:2469: checking whether build environment is sane
configure:2524: result: yes
configure:2673: checking for a thread-safe mkdir -p
configure:2712: result: /usr/bin/mkdir -p
configure:2719: checking for gawk
configure:2735: found /usr/bin/gawk
configure:2746: result: gawk
configure:2757: checking whether make sets $(MAKE)
configure:2779: result: yes
configure:2808: checking whether make supports nested variables
configure:2825: result: yes
configure:2953: checking whether to enable maintainer-specific portions of Makefiles
configure:2962: result: yes
configure:2976: checking for a sed that does not truncate output
configure:3040: result: /usr/bin/sed
configure:3046: checking whether NLS is requested
configure:3055: result: no
configure:3095: checking for msgfmt
configure: trying /usr/bin/msgfmt...
0 translated messages.
configure:3127: result: /usr/bin/msgfmt
configure:3136: checking for gmsgfmt
configure:3167: result: /usr/bin/msgfmt
configure:3217: checking for xgettext
configure: trying /usr/bin/xgettext...
/usr/bin/xgettext: warning: file '/dev/null' extension '' is unknown; will try C
configure:3249: result: /usr/bin/xgettext
configure:3294: checking for msgmerge
configure: trying /usr/bin/msgmerge...
configure:3325: result: /usr/bin/msgmerge
configure:3362: checking whether make supports the include directive
configure:3377: make -f confmf.GNU && cat confinc.out
make[1]: Entering directory '/home/jordan/Desktop/florianBador/alsa-utils-1.2.2'
make[1]: Leaving directory '/home/jordan/Desktop/florianBador/alsa-utils-1.2.2'
this is the am__doit target
configure:3380: $? = 0
configure:3399: result: yes (GNU style)
configure:3469: checking for gcc
configure:3485: found /usr/bin/gcc
configure:3496: result: gcc
configure:3725: checking for C compiler version
configure:3734: gcc --version >&5
gcc (Ubuntu 9.2.1-9ubuntu2) 9.2.1 20191008
Copyright (C) 2019 Free Software Foundation, Inc.
This is free software; see the source for copying conditions.  There is NO
warranty; not even for MERCHANTABILITY or FITNESS FOR A PARTICULAR PURPOSE.

configure:3745: $? = 0
configure:3734: gcc -v >&5
Using built-in specs.
COLLECT_GCC=gcc
COLLECT_LTO_WRAPPER=/usr/lib/gcc/x86_64-linux-gnu/9/lto-wrapper
OFFLOAD_TARGET_NAMES=nvptx-none:hsa
OFFLOAD_TARGET_DEFAULT=1
Target: x86_64-linux-gnu
Configured with: ../src/configure -v --with-pkgversion='Ubuntu 9.2.1-9ubuntu2' --with-bugurl=file:///usr/share/doc/gcc-9/README.Bugs --enable-languages=c,ada,c++,go,brig,d,fortran,objc,obj-c++,gm2 --prefix=/usr --with-gcc-major-version-only --program-suffix=-9 --program-prefix=x86_64-linux-gnu- --enable-shared --enable-linker-build-id --libexecdir=/usr/lib --without-included-gettext --enable-threads=posix --libdir=/usr/lib --enable-nls --enable-bootstrap --enable-clocale=gnu --enable-libstdcxx-debug --enable-libstdcxx-time=yes --with-default-libstdcxx-abi=new --enable-gnu-unique-object --disable-vtable-verify --enable-plugin --enable-default-pie --with-system-zlib --with-target-system-zlib=auto --enable-multiarch --disable-werror --with-arch-32=i686 --with-abi=m64 --with-multilib-list=m32,m64,mx32 --enable-multilib --with-tune=generic --enable-offload-targets=nvptx-none,hsa --without-cuda-driver --enable-checking=release --build=x86_64-linux-gnu --host=x86_64-linux-gnu --target=x86_64-linux-gnu
Thread model: posix
gcc version 9.2.1 20191008 (Ubuntu 9.2.1-9ubuntu2) 
configure:3745: $? = 0
configure:3734: gcc -V >&5
gcc: error: unrecognized command line option '-V'
gcc: fatal error: no input files
compilation terminated.
configure:3745: $? = 1
configure:3734: gcc -qversion >&5
gcc: error: unrecognized command line option '-qversion'; did you mean '--version'?
gcc: fatal error: no input files
compilation terminated.
configure:3745: $? = 1
configure:3765: checking whether the C compiler works
configure:3787: gcc    conftest.c  >&5
configure:3791: $? = 0
configure:3839: result: yes
configure:3842: checking for C compiler default output file name
configure:3844: result: a.out
configure:3850: checking for suffix of executables
configure:3857: gcc -o conftest    conftest.c  >&5
configure:3861: $? = 0
configure:3883: result: 
configure:3905: checking whether we are cross compiling
configure:3913: gcc -o conftest    conftest.c  >&5
configure:3917: $? = 0
configure:3924: ./conftest
configure:3928: $? = 0
configure:3916: result: no
configure:3921: checking for suffix of object files
configure:3943: gcc -c   conftest.c >&5
configure:3947: $? = 0
configure:3968: result: o
configure:3972: checking whether we are using the GNU C compiler
configure:3991: gcc -c   conftest.c >&5
configure:3991: $? = 0
configure:4000: result: yes
configure:4009: checking whether gcc accepts -g
configure:4029: gcc -c -g  conftest.c >&5
configure:4029: $? = 0
configure:4070: result: yes
configure:4087: checking for gcc option to accept ISO C89
configure:4150: gcc  -c -g -O2  conftest.c >&5
configure:4150: $? = 0
configure:4163: result: none needed
configure:4188: checking whether gcc understands -c and -o together
configure:4210: gcc -c conftest.c -o conftest2.o
configure:4213: $? = 0
configure:4210: gcc -c conftest.c -o conftest2.o
configure:4213: $? = 0
configure:4225: result: yes
configure:4244: checking dependency style of gcc
configure:4355: result: gcc3
configure:4374: checking build system type
configure:4388: result: x86_64-pc-linux-gnu
configure:4408: checking host system type
configure:4421: result: x86_64-pc-linux-gnu
configure:4466: checking for ld used by gcc
configure:4533: result: /usr/bin/ld
configure:4540: checking if the linker (/usr/bin/ld) is GNU ld
configure:4555: result: yes
configure:4562: checking for shared library run path origin
configure:4575: result: done
configure:4600: checking how to run the C preprocessor
configure:4631: gcc -E  conftest.c
configure:4631: $? = 0
configure:4645: gcc -E  conftest.c
conftest.c:11:10: fatal error: ac_nonexistent.h: No such file or directory
   11 | #include <ac_nonexistent.h>
      |          ^~~~~~~~~~~~~~~~~~
compilation terminated.
configure:4645: $? = 1
configure: failed program was:
| /* confdefs.h */
| #define PACKAGE_NAME "alsa-utils"
| #define PACKAGE_TARNAME "alsa-utils"
| #define PACKAGE_VERSION "1.2.2"
| #define PACKAGE_STRING "alsa-utils 1.2.2"
| #define PACKAGE_BUGREPORT ""
| #define PACKAGE_URL ""
| #define PACKAGE "alsa-utils"
| #define VERSION "1.2.2"
| /* end confdefs.h.  */
| #include <ac_nonexistent.h>
configure:4670: result: gcc -E
configure:4690: gcc -E  conftest.c
configure:4690: $? = 0
configure:4704: gcc -E  conftest.c
conftest.c:11:10: fatal error: ac_nonexistent.h: No such file or directory
   11 | #include <ac_nonexistent.h>
      |          ^~~~~~~~~~~~~~~~~~
compilation terminated.
configure:4704: $? = 1
configure: failed program was:
| /* confdefs.h */
| #define PACKAGE_NAME "alsa-utils"
| #define PACKAGE_TARNAME "alsa-utils"
| #define PACKAGE_VERSION "1.2.2"
| #define PACKAGE_STRING "alsa-utils 1.2.2"
| #define PACKAGE_BUGREPORT ""
| #define PACKAGE_URL ""
| #define PACKAGE "alsa-utils"
| #define VERSION "1.2.2"
| /* end confdefs.h.  */
| #include <ac_nonexistent.h>
configure:4733: checking for grep that handles long lines and -e
configure:4791: result: /usr/bin/grep
configure:4796: checking for egrep
configure:4858: result: /usr/bin/grep -E
configure:5416: checking for CFPreferencesCopyAppValue
configure:5434: gcc -o conftest -g -O2   conftest.c  -Wl,-framework -Wl,CoreFoundation >&5
conftest.c:11:10: fatal error: CoreFoundation/CFPreferences.h: No such file or directory
   11 | #include <CoreFoundation/CFPreferences.h>
      |          ^~~~~~~~~~~~~~~~~~~~~~~~~~~~~~~~
compilation terminated.
configure:5434: $? = 1
configure: failed program was:
| /* confdefs.h */
| #define PACKAGE_NAME "alsa-utils"
| #define PACKAGE_TARNAME "alsa-utils"
| #define PACKAGE_VERSION "1.2.2"
| #define PACKAGE_STRING "alsa-utils 1.2.2"
| #define PACKAGE_BUGREPORT ""
| #define PACKAGE_URL ""
| #define PACKAGE "alsa-utils"
| #define VERSION "1.2.2"
| /* end confdefs.h.  */
| #include <CoreFoundation/CFPreferences.h>
| int
| main ()
| {
| CFPreferencesCopyAppValue(NULL, NULL)
|   ;
|   return 0;
| }
configure:5443: result: no
configure:5450: checking for CFLocaleCopyCurrent
configure:5468: gcc -o conftest -g -O2   conftest.c  -Wl,-framework -Wl,CoreFoundation >&5
conftest.c:11:10: fatal error: CoreFoundation/CFLocale.h: No such file or directory
   11 | #include <CoreFoundation/CFLocale.h>
      |          ^~~~~~~~~~~~~~~~~~~~~~~~~~~
compilation terminated.
configure:5468: $? = 1
configure: failed program was:
| /* confdefs.h */
| #define PACKAGE_NAME "alsa-utils"
| #define PACKAGE_TARNAME "alsa-utils"
| #define PACKAGE_VERSION "1.2.2"
| #define PACKAGE_STRING "alsa-utils 1.2.2"
| #define PACKAGE_BUGREPORT ""
| #define PACKAGE_URL ""
| #define PACKAGE "alsa-utils"
| #define VERSION "1.2.2"
| /* end confdefs.h.  */
| #include <CoreFoundation/CFLocale.h>
| int
| main ()
| {
| CFLocaleCopyCurrent();
|   ;
|   return 0;
| }
configure:5477: result: no
configure:6411: checking whether to use NLS
configure:6413: result: no
configure:6535: checking for gcc
configure:6562: result: gcc
configure:6791: checking for C compiler version
configure:6800: gcc --version >&5
gcc (Ubuntu 9.2.1-9ubuntu2) 9.2.1 20191008
Copyright (C) 2019 Free Software Foundation, Inc.
This is free software; see the source for copying conditions.  There is NO
warranty; not even for MERCHANTABILITY or FITNESS FOR A PARTICULAR PURPOSE.

configure:6811: $? = 0
configure:6800: gcc -v >&5
Using built-in specs.
COLLECT_GCC=gcc
COLLECT_LTO_WRAPPER=/usr/lib/gcc/x86_64-linux-gnu/9/lto-wrapper
OFFLOAD_TARGET_NAMES=nvptx-none:hsa
OFFLOAD_TARGET_DEFAULT=1
Target: x86_64-linux-gnu
Configured with: ../src/configure -v --with-pkgversion='Ubuntu 9.2.1-9ubuntu2' --with-bugurl=file:///usr/share/doc/gcc-9/README.Bugs --enable-languages=c,ada,c++,go,brig,d,fortran,objc,obj-c++,gm2 --prefix=/usr --with-gcc-major-version-only --program-suffix=-9 --program-prefix=x86_64-linux-gnu- --enable-shared --enable-linker-build-id --libexecdir=/usr/lib --without-included-gettext --enable-threads=posix --libdir=/usr/lib --enable-nls --enable-bootstrap --enable-clocale=gnu --enable-libstdcxx-debug --enable-libstdcxx-time=yes --with-default-libstdcxx-abi=new --enable-gnu-unique-object --disable-vtable-verify --enable-plugin --enable-default-pie --with-system-zlib --with-target-system-zlib=auto --enable-multiarch --disable-werror --with-arch-32=i686 --with-abi=m64 --with-multilib-list=m32,m64,mx32 --enable-multilib --with-tune=generic --enable-offload-targets=nvptx-none,hsa --without-cuda-driver --enable-checking=release --build=x86_64-linux-gnu --host=x86_64-linux-gnu --target=x86_64-linux-gnu
Thread model: posix
gcc version 9.2.1 20191008 (Ubuntu 9.2.1-9ubuntu2) 
configure:6811: $? = 0
configure:6800: gcc -V >&5
gcc: error: unrecognized command line option '-V'
gcc: fatal error: no input files
compilation terminated.
configure:6811: $? = 1
configure:6800: gcc -qversion >&5
gcc: error: unrecognized command line option '-qversion'; did you mean '--version'?
gcc: fatal error: no input files
compilation terminated.
configure:6811: $? = 1
configure:6815: checking whether we are using the GNU C compiler
configure:6843: result: yes
configure:6852: checking whether gcc accepts -g
configure:6913: result: yes
configure:6930: checking for gcc option to accept ISO C89
configure:7006: result: none needed
configure:7031: checking whether gcc understands -c and -o together
configure:7068: result: yes
configure:7087: checking dependency style of gcc
configure:7198: result: gcc3
configure:7215: checking whether ln -s works
configure:7219: result: yes
configure:7226: checking for a sed that does not truncate output
configure:7290: result: /usr/bin/sed
configure:7349: checking for pkg-config
configure:7367: found /usr/bin/pkg-config
configure:7379: result: /usr/bin/pkg-config
configure:7404: checking pkg-config is at least version 0.9.0
configure:7407: result: yes
configure:7446: checking for ALSA CFLAGS
configure:7452: result: 
configure:7455: checking for dlopen in -lc
configure:7480: gcc -o conftest -g -O2   conftest.c -lc   >&5
/usr/bin/ld: /tmp/ccm2jvg5.o: in function `main':
/home/jordan/Desktop/florianBador/alsa-utils-1.2.2/conftest.c:22: undefined reference to `dlopen'
collect2: error: ld returned 1 exit status
configure:7480: $? = 1
configure: failed program was:
| /* confdefs.h */
| #define PACKAGE_NAME "alsa-utils"
| #define PACKAGE_TARNAME "alsa-utils"
| #define PACKAGE_VERSION "1.2.2"
| #define PACKAGE_STRING "alsa-utils 1.2.2"
| #define PACKAGE_BUGREPORT ""
| #define PACKAGE_URL ""
| #define PACKAGE "alsa-utils"
| #define VERSION "1.2.2"
| /* end confdefs.h.  */
| 
| /* Override any GCC internal prototype to avoid an error.
|    Use char because int might match the return type of a GCC
|    builtin and then its argument prototype would still apply.  */
| #ifdef __cplusplus
| extern "C"
| #endif
| char dlopen ();
| int
| main ()
| {
| return dlopen ();
|   ;
|   return 0;
| }
configure:7489: result: no
configure:7494: checking for dlopen in -ldl
configure:7519: gcc -o conftest -g -O2   conftest.c -ldl   >&5
configure:7519: $? = 0
configure:7528: result: yes
configure:7537: checking for ALSA LDFLAGS
configure:7546: result:  -lasound -lm -ldl -lpthread
configure:7551: checking for libasound headers version >= 1.0.27
configure:7613: gcc -c -g -O2  conftest.c >&5
configure:7613: $? = 0
configure:7614: result: found.
configure:7633: checking for snd_ctl_open in -lasound
configure:7658: gcc -o conftest -g -O2   conftest.c -lasound   -lasound -lm -ldl -lpthread  >&5
configure:7658: $? = 0
configure:7667: result: yes
configure:7703: checking for snd_ctl_elem_add_enumerated
configure:7703: gcc -o conftest -g -O2   conftest.c -lasound -lm -ldl -lpthread >&5
configure:7703: $? = 0
configure:7703: result: yes
configure:7714: checking for alsa/pcm.h
configure:7714: gcc -c -g -O2  conftest.c >&5
configure:7714: $? = 0
configure:7714: result: yes
configure:7729: checking for alsa/mixer.h
configure:7729: gcc -c -g -O2  conftest.c >&5
configure:7729: $? = 0
configure:7729: result: yes
configure:7744: checking for alsa/rawmidi.h
configure:7744: gcc -c -g -O2  conftest.c >&5
configure:7744: $? = 0
configure:7744: result: yes
configure:7759: checking for alsa/seq.h
configure:7759: gcc -c -g -O2  conftest.c >&5
configure:7759: $? = 0
configure:7759: result: yes
configure:7774: checking for alsa/use-case.h
configure:7774: gcc -c -g -O2  conftest.c >&5
configure:7774: $? = 0
configure:7774: result: yes
configure:7789: checking for alsa/topology.h
configure:7789: gcc -c -g -O2  conftest.c >&5
configure:7789: $? = 0
configure:7789: result: yes
configure:7804: checking for samplerate.h
configure:7804: gcc -c -g -O2  conftest.c >&5
conftest.c:18:10: fatal error: samplerate.h: No such file or directory
   18 | #include <samplerate.h>
      |          ^~~~~~~~~~~~~~
compilation terminated.
configure:7804: $? = 1
configure: failed program was:
| /* confdefs.h */
| #define PACKAGE_NAME "alsa-utils"
| #define PACKAGE_TARNAME "alsa-utils"
| #define PACKAGE_VERSION "1.2.2"
| #define PACKAGE_STRING "alsa-utils 1.2.2"
| #define PACKAGE_BUGREPORT ""
| #define PACKAGE_URL ""
| #define PACKAGE "alsa-utils"
| #define VERSION "1.2.2"
| #define HAVE_LIBASOUND 1
| #define HAVE_ALSA_PCM_H 1
| #define HAVE_ALSA_MIXER_H 1
| #define HAVE_ALSA_RAWMIDI_H 1
| #define HAVE_ALSA_SEQ_H 1
| #define HAVE_ALSA_USE_CASE_H 1
| #define HAVE_ALSA_TOPOLOGY_H 1
| /* end confdefs.h.  */
| #include <samplerate.h>
| 
| #include <samplerate.h>
configure:7804: result: no
configure:7818: checking for snd_seq_client_info_get_card in -lasound
configure:7843: gcc -o conftest -g -O2   conftest.c -lasound  -lasound -lm -ldl -lpthread >&5
configure:7843: $? = 0
configure:7852: result: yes
configure:7863: checking for snd_seq_client_info_get_pid in -lasound
configure:7888: gcc -o conftest -g -O2   conftest.c -lasound  -lasound -lm -ldl -lpthread >&5
configure:7888: $? = 0
configure:7897: result: yes
configure:7908: checking for snd_tplg_save in -latopology
configure:7933: gcc -o conftest -g -O2   conftest.c -latopology  -lasound -lm -ldl -lpthread >&5
/usr/bin/ld: cannot find -latopology
collect2: error: ld returned 1 exit status
configure:7933: $? = 1
configure: failed program was:
| /* confdefs.h */
| #define PACKAGE_NAME "alsa-utils"
| #define PACKAGE_TARNAME "alsa-utils"
| #define PACKAGE_VERSION "1.2.2"
| #define PACKAGE_STRING "alsa-utils 1.2.2"
| #define PACKAGE_BUGREPORT ""
| #define PACKAGE_URL ""
| #define PACKAGE "alsa-utils"
| #define VERSION "1.2.2"
| #define HAVE_LIBASOUND 1
| #define HAVE_ALSA_PCM_H 1
| #define HAVE_ALSA_MIXER_H 1
| #define HAVE_ALSA_RAWMIDI_H 1
| #define HAVE_ALSA_SEQ_H 1
| #define HAVE_ALSA_USE_CASE_H 1
| #define HAVE_ALSA_TOPOLOGY_H 1
| #define HAVE_SEQ_CLIENT_INFO_GET_CARD 1
| #define HAVE_SEQ_CLIENT_INFO_GET_PID 1
| /* end confdefs.h.  */
| 
| /* Override any GCC internal prototype to avoid an error.
|    Use char because int might match the return type of a GCC
|    builtin and then its argument prototype would still apply.  */
| #ifdef __cplusplus
| extern "C"
| #endif
| char snd_tplg_save ();
| int
| main ()
| {
| return snd_tplg_save ();
|   ;
|   return 0;
| }
configure:7942: result: no
configure:7958: checking for ffado_streaming_init in -lffado
configure:7983: gcc -o conftest -g -O2   conftest.c -lffado  -lasound -lm -ldl -lpthread >&5
/usr/bin/ld: cannot find -lffado
collect2: error: ld returned 1 exit status
configure:7983: $? = 1
configure: failed program was:
| /* confdefs.h */
| #define PACKAGE_NAME "alsa-utils"
| #define PACKAGE_TARNAME "alsa-utils"
| #define PACKAGE_VERSION "1.2.2"
| #define PACKAGE_STRING "alsa-utils 1.2.2"
| #define PACKAGE_BUGREPORT ""
| #define PACKAGE_URL ""
| #define PACKAGE "alsa-utils"
| #define VERSION "1.2.2"
| #define HAVE_LIBASOUND 1
| #define HAVE_ALSA_PCM_H 1
| #define HAVE_ALSA_MIXER_H 1
| #define HAVE_ALSA_RAWMIDI_H 1
| #define HAVE_ALSA_SEQ_H 1
| #define HAVE_ALSA_USE_CASE_H 1
| #define HAVE_ALSA_TOPOLOGY_H 1
| #define HAVE_SEQ_CLIENT_INFO_GET_CARD 1
| #define HAVE_SEQ_CLIENT_INFO_GET_PID 1
| /* end confdefs.h.  */
| 
| /* Override any GCC internal prototype to avoid an error.
|    Use char because int might match the return type of a GCC
|    builtin and then its argument prototype would still apply.  */
| #ifdef __cplusplus
| extern "C"
| #endif
| char ffado_streaming_init ();
| int
| main ()
| {
| return ffado_streaming_init ();
|   ;
|   return 0;
| }
configure:7992: result: no
configure:8116: checking for fftwf_malloc in -lfftw3f
configure:8141: gcc -o conftest -g -O2   conftest.c -lfftw3f  -lasound -lm -ldl -lpthread >&5
/usr/bin/ld: cannot find -lfftw3f
collect2: error: ld returned 1 exit status
configure:8141: $? = 1
configure: failed program was:
| /* confdefs.h */
| #define PACKAGE_NAME "alsa-utils"
| #define PACKAGE_TARNAME "alsa-utils"
| #define PACKAGE_VERSION "1.2.2"
| #define PACKAGE_STRING "alsa-utils 1.2.2"
| #define PACKAGE_BUGREPORT ""
| #define PACKAGE_URL ""
| #define PACKAGE "alsa-utils"
| #define VERSION "1.2.2"
| #define HAVE_LIBASOUND 1
| #define HAVE_ALSA_PCM_H 1
| #define HAVE_ALSA_MIXER_H 1
| #define HAVE_ALSA_RAWMIDI_H 1
| #define HAVE_ALSA_SEQ_H 1
| #define HAVE_ALSA_USE_CASE_H 1
| #define HAVE_ALSA_TOPOLOGY_H 1
| #define HAVE_SEQ_CLIENT_INFO_GET_CARD 1
| #define HAVE_SEQ_CLIENT_INFO_GET_PID 1
| /* end confdefs.h.  */
| 
| /* Override any GCC internal prototype to avoid an error.
|    Use char because int might match the return type of a GCC
|    builtin and then its argument prototype would still apply.  */
| #ifdef __cplusplus
| extern "C"
| #endif
| char fftwf_malloc ();
| int
| main ()
| {
| return fftwf_malloc ();
|   ;
|   return 0;
| }
configure:8150: result: no
configure:8214: checking for sqrtf in -lm
configure:8239: gcc -o conftest -g -O2   conftest.c -lm  -lasound -lm -ldl -lpthread >&5
conftest.c:27:6: warning: conflicting types for built-in function 'sqrtf'; expected 'float(float)' [-Wbuiltin-declaration-mismatch]
   27 | char sqrtf ();
      |      ^~~~~
conftest.c:1:1: note: 'sqrtf' is declared in header '<math.h>'
    1 | /* confdefs.h */
configure:8239: $? = 0
configure:8248: result: yes
configure:8261: checking for pthread_create in -lpthread
configure:8286: gcc -o conftest -g -O2   conftest.c -lpthread  -lm -lasound -lm -ldl -lpthread >&5
configure:8286: $? = 0
configure:8295: result: yes
configure:8336: checking for librt
configure:8347: checking for clock_gettime in -lrt
configure:8372: gcc -o conftest -g -O2   conftest.c -lrt  -lasound -lm -ldl -lpthread >&5
configure:8372: $? = 0
configure:8381: result: yes
configure:8478: checking for xmlto
configure:8508: result: no
configure:8534: checking for rst2man
configure:8564: result: no
configure:8594: checking for ANSI C header files
configure:8614: gcc -c -g -O2  conftest.c >&5
configure:8614: $? = 0
configure:8687: gcc -o conftest -g -O2   conftest.c -lasound -lm -ldl -lpthread >&5
configure:8687: $? = 0
configure:8687: ./conftest
configure:8687: $? = 0
configure:8698: result: yes
configure:8976: checking for NCURSES
configure:8983: $PKG_CONFIG --exists --print-errors "ncurses"
configure:8986: $? = 0
configure:9000: $PKG_CONFIG --exists --print-errors "ncurses"
configure:9003: $? = 0
configure:9213: result: yes
configure:9270: checking for curses library
configure:9272: result: ncurses
configure:9274: checking for curses header name
configure:9276: result: <ncurses.h>
configure:9278: checking for curses compiler flags
configure:9280: result: -D_DEFAULT_SOURCE -D_XOPEN_SOURCE=600
configure:9309: gcc -o conftest -g -O2 -D_DEFAULT_SOURCE -D_XOPEN_SOURCE=600   conftest.c -lncurses -ltinfo -lasound -lm -ldl -lpthread >&5
configure:9309: $? = 0
configure:9362: checking for sys/types.h
configure:9362: gcc -c -g -O2 -D_DEFAULT_SOURCE -D_XOPEN_SOURCE=600  conftest.c >&5
configure:9362: $? = 0
configure:9362: result: yes
configure:9362: checking for sys/stat.h
configure:9362: gcc -c -g -O2 -D_DEFAULT_SOURCE -D_XOPEN_SOURCE=600  conftest.c >&5
configure:9362: $? = 0
configure:9362: result: yes
configure:9362: checking for stdlib.h
configure:9362: gcc -c -g -O2 -D_DEFAULT_SOURCE -D_XOPEN_SOURCE=600  conftest.c >&5
configure:9362: $? = 0
configure:9362: result: yes
configure:9362: checking for string.h
configure:9362: gcc -c -g -O2 -D_DEFAULT_SOURCE -D_XOPEN_SOURCE=600  conftest.c >&5
configure:9362: $? = 0
configure:9362: result: yes
configure:9362: checking for memory.h
configure:9362: gcc -c -g -O2 -D_DEFAULT_SOURCE -D_XOPEN_SOURCE=600  conftest.c >&5
configure:9362: $? = 0
configure:9362: result: yes
configure:9362: checking for strings.h
configure:9362: gcc -c -g -O2 -D_DEFAULT_SOURCE -D_XOPEN_SOURCE=600  conftest.c >&5
configure:9362: $? = 0
configure:9362: result: yes
configure:9362: checking for inttypes.h
configure:9362: gcc -c -g -O2 -D_DEFAULT_SOURCE -D_XOPEN_SOURCE=600  conftest.c >&5
configure:9362: $? = 0
configure:9362: result: yes
configure:9362: checking for stdint.h
configure:9362: gcc -c -g -O2 -D_DEFAULT_SOURCE -D_XOPEN_SOURCE=600  conftest.c >&5
configure:9362: $? = 0
configure:9362: result: yes
configure:9362: checking for unistd.h
configure:9362: gcc -c -g -O2 -D_DEFAULT_SOURCE -D_XOPEN_SOURCE=600  conftest.c >&5
configure:9362: $? = 0
configure:9362: result: yes
configure:9377: checking panel.h usability
configure:9377: gcc -c -g -O2 -D_DEFAULT_SOURCE -D_XOPEN_SOURCE=600  conftest.c >&5
configure:9377: $? = 0
configure:9377: result: yes
configure:9377: checking panel.h presence
configure:9377: gcc -E  conftest.c
configure:9377: $? = 0
configure:9377: result: yes
configure:9377: checking for panel.h
configure:9377: result: yes
configure:9377: checking menu.h usability
configure:9377: gcc -c -g -O2 -D_DEFAULT_SOURCE -D_XOPEN_SOURCE=600  conftest.c >&5
configure:9377: $? = 0
configure:9377: result: yes
configure:9377: checking menu.h presence
configure:9377: gcc -E  conftest.c
configure:9377: $? = 0
configure:9377: result: yes
configure:9377: checking for menu.h
configure:9377: result: yes
configure:9377: checking form.h usability
configure:9377: gcc -c -g -O2 -D_DEFAULT_SOURCE -D_XOPEN_SOURCE=600  conftest.c >&5
configure:9377: $? = 0
configure:9377: result: yes
configure:9377: checking form.h presence
configure:9377: gcc -E  conftest.c
configure:9377: $? = 0
configure:9377: result: yes
configure:9377: checking for form.h
configure:9377: result: yes
configure:9390: checking for new_panel in -lpanel
configure:9415: gcc -o conftest -g -O2 -D_DEFAULT_SOURCE -D_XOPEN_SOURCE=600   conftest.c -lpanel  -lncurses -ltinfo -lasound -lm -ldl -lpthread >&5
configure:9415: $? = 0
configure:9425: result: yes
configure:9434: checking for new_menu in -lmenu
configure:9459: gcc -o conftest -g -O2 -D_DEFAULT_SOURCE -D_XOPEN_SOURCE=600   conftest.c -lmenu  -lncurses -ltinfo -lasound -lm -ldl -lpthread >&5
configure:9459: $? = 0
configure:9469: result: yes
configure:9478: checking for new_form in -lform
configure:9503: gcc -o conftest -g -O2 -D_DEFAULT_SOURCE -D_XOPEN_SOURCE=600   conftest.c -lform  -lncurses -ltinfo -lasound -lm -ldl -lpthread >&5
configure:9503: $? = 0
configure:9513: result: yes
configure:9530: checking for curses linker flags
configure:9532: result: -lform -lmenu -lpanel -lncurses -ltinfo
configure:9576: checking for an ANSI C-conforming const
configure:9642: gcc -c -g -O2  conftest.c >&5
configure:9642: $? = 0
configure:9649: result: yes
configure:9657: checking for inline
configure:9673: gcc -c -g -O2  conftest.c >&5
configure:9673: $? = 0
configure:9681: result: inline
configure:9699: checking whether time.h and sys/time.h may both be included
configure:9719: gcc -c -g -O2  conftest.c >&5
configure:9719: $? = 0
configure:9726: result: yes
configure:9736: checking whether gcc needs -traditional
configure:9770: result: no
configure:9785: checking for special C compiler options needed for large files
configure:9830: result: no
configure:9836: checking for _FILE_OFFSET_BITS value needed for large files
configure:9861: gcc -c -g -O2  conftest.c >&5
configure:9861: $? = 0
configure:9893: result: no
configure:10000: checking for SYSTEMD
configure:10007: $PKG_CONFIG --exists --print-errors "systemd >= 18"
configure:10010: $? = 0
configure:10024: $PKG_CONFIG --exists --print-errors "systemd >= 18"
configure:10027: $? = 0
configure:10065: result: yes
configure:10234: checking that generated files are newer than configure
configure:10240: result: done
configure:10339: creating ./config.status

## ---------------- ##
## Cache variables. ##
## ---------------- ##

ac_cv_build=x86_64-pc-linux-gnu
ac_cv_c_compiler_gnu=yes
ac_cv_c_const=yes
ac_cv_c_inline=inline
ac_cv_env_CC_set=
ac_cv_env_CC_value=
ac_cv_env_CFLAGS_set=
ac_cv_env_CFLAGS_value=
ac_cv_env_CPPFLAGS_set=
ac_cv_env_CPPFLAGS_value=
ac_cv_env_CPP_set=
ac_cv_env_CPP_value=
ac_cv_env_LDFLAGS_set=
ac_cv_env_LDFLAGS_value=
ac_cv_env_LIBS_set=
ac_cv_env_LIBS_value=
ac_cv_env_NCURSESW_CFLAGS_set=
ac_cv_env_NCURSESW_CFLAGS_value=
ac_cv_env_NCURSESW_LIBS_set=
ac_cv_env_NCURSESW_LIBS_value=
ac_cv_env_NCURSES_CFLAGS_set=
ac_cv_env_NCURSES_CFLAGS_value=
ac_cv_env_NCURSES_LIBS_set=
ac_cv_env_NCURSES_LIBS_value=
ac_cv_env_PKG_CONFIG_LIBDIR_set=
ac_cv_env_PKG_CONFIG_LIBDIR_value=
ac_cv_env_PKG_CONFIG_PATH_set=
ac_cv_env_PKG_CONFIG_PATH_value=
ac_cv_env_PKG_CONFIG_set=
ac_cv_env_PKG_CONFIG_value=
ac_cv_env_SYSTEMD_CFLAGS_set=
ac_cv_env_SYSTEMD_CFLAGS_value=
ac_cv_env_SYSTEMD_LIBS_set=
ac_cv_env_SYSTEMD_LIBS_value=
ac_cv_env_build_alias_set=
ac_cv_env_build_alias_value=
ac_cv_env_host_alias_set=
ac_cv_env_host_alias_value=
ac_cv_env_target_alias_set=
ac_cv_env_target_alias_value=
ac_cv_func_snd_ctl_elem_add_enumerated=yes
ac_cv_header_alsa_mixer_h=yes
ac_cv_header_alsa_pcm_h=yes
ac_cv_header_alsa_rawmidi_h=yes
ac_cv_header_alsa_seq_h=yes
ac_cv_header_alsa_topology_h=yes
ac_cv_header_alsa_use_case_h=yes
ac_cv_header_form_h=yes
ac_cv_header_inttypes_h=yes
ac_cv_header_memory_h=yes
ac_cv_header_menu_h=yes
ac_cv_header_panel_h=yes
ac_cv_header_samplerate_h=no
ac_cv_header_stdc=yes
ac_cv_header_stdint_h=yes
ac_cv_header_stdlib_h=yes
ac_cv_header_string_h=yes
ac_cv_header_strings_h=yes
ac_cv_header_sys_stat_h=yes
ac_cv_header_sys_types_h=yes
ac_cv_header_time=yes
ac_cv_header_unistd_h=yes
ac_cv_host=x86_64-pc-linux-gnu
ac_cv_lib_asound_snd_ctl_open=yes
ac_cv_lib_asound_snd_seq_client_info_get_card=yes
ac_cv_lib_asound_snd_seq_client_info_get_pid=yes
ac_cv_lib_atopology_snd_tplg_save=no
ac_cv_lib_c_dlopen=no
ac_cv_lib_dl_dlopen=yes
ac_cv_lib_ffado_ffado_streaming_init=no
ac_cv_lib_fftw3f_fftwf_malloc=no
ac_cv_lib_form___new_form=yes
ac_cv_lib_m_sqrtf=yes
ac_cv_lib_menu___new_menu=yes
ac_cv_lib_panel___new_panel=yes
ac_cv_lib_pthread_pthread_create=yes
ac_cv_lib_rt_clock_gettime=yes
ac_cv_objext=o
ac_cv_path_EGREP='/usr/bin/grep -E'
ac_cv_path_GMSGFMT=/usr/bin/msgfmt
ac_cv_path_GREP=/usr/bin/grep
ac_cv_path_MSGFMT=/usr/bin/msgfmt
ac_cv_path_MSGMERGE=/usr/bin/msgmerge
ac_cv_path_SED=/usr/bin/sed
ac_cv_path_XGETTEXT=/usr/bin/xgettext
ac_cv_path_ac_pt_PKG_CONFIG=/usr/bin/pkg-config
ac_cv_path_install='/usr/bin/install -c'
ac_cv_path_mkdir=/usr/bin/mkdir
ac_cv_prog_AWK=gawk
ac_cv_prog_CPP='gcc -E'
ac_cv_prog_ac_ct_CC=gcc
ac_cv_prog_cc_c89=
ac_cv_prog_cc_g=yes
ac_cv_prog_gcc_traditional=no
ac_cv_prog_make_make_set=yes
ac_cv_sys_file_offset_bits=no
ac_cv_sys_largefile_CC=no
acl_cv_hardcode_direct=no
acl_cv_hardcode_libdir_flag_spec='${wl}-rpath ${wl}$libdir'
acl_cv_hardcode_libdir_separator=
acl_cv_hardcode_minus_L=no
acl_cv_libext=a
acl_cv_libname_spec='lib$name'
acl_cv_library_names_spec='$libname$shrext'
acl_cv_path_LD=/usr/bin/ld
acl_cv_prog_gnu_ld=yes
acl_cv_rpath=done
acl_cv_shlibext=so
acl_cv_wl=-Wl,
am_cv_CC_dependencies_compiler_type=gcc3
am_cv_make_support_nested_variables=yes
am_cv_prog_cc_c_o=yes
gt_cv_func_CFLocaleCopyCurrent=no
gt_cv_func_CFPreferencesCopyAppValue=no
pkg_cv_NCURSES_CFLAGS='-D_DEFAULT_SOURCE -D_XOPEN_SOURCE=600'
pkg_cv_NCURSES_LIBS='-lncurses -ltinfo'
pkg_cv_SYSTEMD_CFLAGS=
pkg_cv_SYSTEMD_LIBS=

## ----------------- ##
## Output variables. ##
## ----------------- ##

ACLOCAL='${SHELL} /home/jordan/Desktop/florianBador/alsa-utils-1.2.2/missing aclocal-1.16'
ALSACONF_FALSE='#'
ALSACONF_TRUE=''
ALSACTL_DAEMONSWITCH='/etc/alsa/state-daemon.conf'
ALSACTL_PIDFILE_DIR='/var/run'
ALSALOOP_FALSE='#'
ALSALOOP_TRUE=''
ALSAMIXER_FALSE='#'
ALSAMIXER_TRUE=''
ALSA_CFLAGS=''
ALSA_LIBS=' -lasound -lm -ldl -lpthread'
AMDEPBACKSLASH='\'
AMDEP_FALSE='#'
AMDEP_TRUE=''
AMTAR='$${TAR-tar}'
AM_BACKSLASH='\'
AM_DEFAULT_V='$(AM_DEFAULT_VERBOSITY)'
AM_DEFAULT_VERBOSITY='1'
AM_V='$(V)'
ASOUND_LOCK_DIR='/var/lock'
ASOUND_STATE_DIR='/var/lib/alsa'
AUTOCONF='${SHELL} /home/jordan/Desktop/florianBador/alsa-utils-1.2.2/missing autoconf'
AUTOHEADER='${SHELL} /home/jordan/Desktop/florianBador/alsa-utils-1.2.2/missing autoheader'
AUTOMAKE='${SHELL} /home/jordan/Desktop/florianBador/alsa-utils-1.2.2/missing automake-1.16'
AWK='gawk'
BAT_FALSE='#'
BAT_TRUE=''
CC='gcc'
CCDEPMODE='depmode=gcc3'
CFLAGS='-g -O2'
CPP='gcc -E'
CPPFLAGS=''
CURSESINC='<ncurses.h>'
CURSESLIB='-lform -lmenu -lpanel -lncurses -ltinfo'
CURSES_CFLAGS='-D_DEFAULT_SOURCE -D_XOPEN_SOURCE=600'
CYGPATH_W='echo'
DEFS='-DHAVE_CONFIG_H'
DEPDIR='.deps'
ECHO_C=''
ECHO_N='-n'
ECHO_T=''
EGREP='/usr/bin/grep -E'
EXEEXT=''
FFTW_CFLAGS='-g -O2'
FFTW_INC=''
FFTW_LIB='-lpthread -lm -lasound -lm -ldl -lpthread'
GETTEXT_MACRO_VERSION='0.19'
GMSGFMT='/usr/bin/msgfmt'
GMSGFMT_015='/usr/bin/msgfmt'
GREP='/usr/bin/grep'
HAVE_FFADO_FALSE=''
HAVE_FFADO_TRUE='#'
HAVE_LIBFFTW3_FALSE=''
HAVE_LIBFFTW3_TRUE='#'
HAVE_LIBTINYALSA_FALSE=''
HAVE_LIBTINYALSA_TRUE='#'
HAVE_MIXER_FALSE='#'
HAVE_MIXER_TRUE=''
HAVE_PCM_FALSE='#'
HAVE_PCM_TRUE=''
HAVE_RAWMIDI_FALSE='#'
HAVE_RAWMIDI_TRUE=''
HAVE_SAMPLERATE_FALSE=''
HAVE_SAMPLERATE_TRUE='#'
HAVE_SEQ_FALSE='#'
HAVE_SEQ_TRUE=''
HAVE_SYSTEMD_FALSE='#'
HAVE_SYSTEMD_TRUE=''
HAVE_TOPOLOGY_FALSE=''
HAVE_TOPOLOGY_TRUE='#'
HAVE_UCM_FALSE='#'
HAVE_UCM_TRUE=''
INSTALL_DATA='${INSTALL} -m 644'
INSTALL_PROGRAM='${INSTALL}'
INSTALL_SCRIPT='${INSTALL}'
INSTALL_STRIP_PROGRAM='$(install_sh) -c -s'
INTLLIBS=''
INTL_MACOSX_LIBS=''
LDFLAGS=''
LIBICONV='-liconv'
LIBINTL=''
LIBOBJS=''
LIBRT='-lrt'
LIBS='-lasound -lm -ldl -lpthread'
LN_S='ln -s'
LTLIBICONV='-liconv'
LTLIBINTL=''
LTLIBOBJS=''
MAINT=''
MAINTAINER_MODE_FALSE='#'
MAINTAINER_MODE_TRUE=''
MAKEINFO='${SHELL} /home/jordan/Desktop/florianBador/alsa-utils-1.2.2/missing makeinfo'
MKDIR_P='/usr/bin/mkdir -p'
MSGFMT='/usr/bin/msgfmt'
MSGFMT_015='/usr/bin/msgfmt'
MSGMERGE='/usr/bin/msgmerge'
NCURSESW_CFLAGS=''
NCURSESW_LIBS=''
NCURSES_CFLAGS='-D_DEFAULT_SOURCE -D_XOPEN_SOURCE=600'
NCURSES_LIBS='-lncurses -ltinfo'
OBJEXT='o'
PACKAGE='alsa-utils'
PACKAGE_BUGREPORT=''
PACKAGE_NAME='alsa-utils'
PACKAGE_STRING='alsa-utils 1.2.2'
PACKAGE_TARNAME='alsa-utils'
PACKAGE_URL=''
PACKAGE_VERSION='1.2.2'
PATH_SEPARATOR=':'
PKG_CONFIG='/usr/bin/pkg-config'
PKG_CONFIG_LIBDIR=''
PKG_CONFIG_PATH=''
POSUB=''
SED='/usr/bin/sed'
SET_MAKE=''
SHELL='/bin/bash'
SND_UTIL_MAJOR='1'
SND_UTIL_MINOR='2'
SND_UTIL_SUBMINOR='2'
SND_UTIL_VERSION='1.2.2'
STRIP=''
SYSTEMD_CFLAGS=''
SYSTEMD_LIBS=''
TESTSOUND='/usr/share/test.wav'
USE_NLS='no'
USE_RST2MAN_FALSE=''
USE_RST2MAN_TRUE='#'
USE_XMLTO_FALSE=''
USE_XMLTO_TRUE='#'
VERSION='1.2.2'
XGETTEXT='/usr/bin/xgettext'
XGETTEXT_015='/usr/bin/xgettext'
XGETTEXT_EXTRA_OPTIONS=''
ac_ct_CC='gcc'
am__EXEEXT_FALSE=''
am__EXEEXT_TRUE='#'
am__fastdepCC_FALSE='#'
am__fastdepCC_TRUE=''
am__include='include'
am__isrc=''
am__leading_dot='.'
am__nodep='_no'
am__quote=''
am__tar='$${TAR-tar} chof - "$$tardir"'
am__untar='$${TAR-tar} xf -'
bindir='${exec_prefix}/bin'
build='x86_64-pc-linux-gnu'
build_alias=''
build_cpu='x86_64'
build_os='linux-gnu'
build_vendor='pc'
datadir='${datarootdir}'
datarootdir='${prefix}/share'
docdir='${datarootdir}/doc/${PACKAGE_TARNAME}'
dvidir='${docdir}'
exec_prefix='${prefix}'
host='x86_64-pc-linux-gnu'
host_alias=''
host_cpu='x86_64'
host_os='linux-gnu'
host_vendor='pc'
htmldir='${docdir}'
includedir='${prefix}/include'
infodir='${datarootdir}/info'
install_sh='${SHELL} /home/jordan/Desktop/florianBador/alsa-utils-1.2.2/install-sh'
libdir='${exec_prefix}/lib'
libexecdir='${exec_prefix}/libexec'
localedir='${datarootdir}/locale'
localstatedir='${prefix}/var'
mandir='${datarootdir}/man'
mkdir_p='$(MKDIR_P)'
mydatadir='/usr/share/alsa'
ncurses5_config=''
ncursesw5_config=''
oldincludedir='/usr/include'
pdfdir='${docdir}'
prefix='/usr'
program_transform_name='s,x,x,'
psdir='${docdir}'
rst2man_available=''
runstatedir='${localstatedir}/run'
sbindir='${exec_prefix}/sbin'
sharedstatedir='${prefix}/com'
sysconfdir='${prefix}/etc'
systemdsystemunitdir='/lib/systemd/system'
target_alias=''
udevrulesdir='/lib/udev/rules.d'
xmlto_available=''

## ----------- ##
## confdefs.h. ##
## ----------- ##

/* confdefs.h */
#define PACKAGE_NAME "alsa-utils"
#define PACKAGE_TARNAME "alsa-utils"
#define PACKAGE_VERSION "1.2.2"
#define PACKAGE_STRING "alsa-utils 1.2.2"
#define PACKAGE_BUGREPORT ""
#define PACKAGE_URL ""
#define PACKAGE "alsa-utils"
#define VERSION "1.2.2"
#define HAVE_LIBASOUND 1
#define HAVE_ALSA_PCM_H 1
#define HAVE_ALSA_MIXER_H 1
#define HAVE_ALSA_RAWMIDI_H 1
#define HAVE_ALSA_SEQ_H 1
#define HAVE_ALSA_USE_CASE_H 1
#define HAVE_ALSA_TOPOLOGY_H 1
#define HAVE_SEQ_CLIENT_INFO_GET_CARD 1
#define HAVE_SEQ_CLIENT_INFO_GET_PID 1
#define HAVE_LIBM 1
#define HAVE_LIBPTHREAD 1
#define HAVE_LIBRT 1
#define HAVE_CLOCK_GETTIME 1
#define STDC_HEADERS 1
#define HAVE_CURSES_ESCDELAY 1
#define HAVE_SYS_TYPES_H 1
#define HAVE_SYS_STAT_H 1
#define HAVE_STDLIB_H 1
#define HAVE_STRING_H 1
#define HAVE_MEMORY_H 1
#define HAVE_STRINGS_H 1
#define HAVE_INTTYPES_H 1
#define HAVE_STDINT_H 1
#define HAVE_UNISTD_H 1
#define HAVE_PANEL_H 1
#define HAVE_MENU_H 1
#define HAVE_FORM_H 1
#define SOUNDSDIR "/usr/share/sounds/alsa"
#define DATADIR "/usr/share/alsa"
#define TIME_WITH_SYS_TIME 1
#define VERSION "1.2.2"

configure: exit 0

## ---------------------- ##
## Running config.status. ##
## ---------------------- ##

This file was extended by alsa-utils config.status 1.2.2, which was
generated by GNU Autoconf 2.69.  Invocation command line was

  CONFIG_FILES    = 
  CONFIG_HEADERS  = 
  CONFIG_LINKS    = 
  CONFIG_COMMANDS = 
  $ ./config.status 

on jordans-Yogurt

config.status:1007: creating Makefile
config.status:1007: creating alsactl/Makefile
config.status:1007: creating alsactl/init/Makefile
config.status:1007: creating alsamixer/Makefile
config.status:1007: creating amidi/Makefile
config.status:1007: creating amixer/Makefile
config.status:1007: creating m4/Makefile
config.status:1007: creating po/Makefile.in
config.status:1007: creating alsaconf/alsaconf
config.status:1007: creating alsaconf/Makefile
config.status:1007: creating alsaconf/po/Makefile
config.status:1115: WARNING:  'alsaconf/po/Makefile.in' seems to ignore the --datarootdir setting
config.status:1007: creating alsaucm/Makefile
config.status:1007: creating topology/Makefile
config.status:1007: creating bat/Makefile
config.status:1007: creating bat/tests/Makefile
config.status:1007: creating bat/tests/asound_state/Makefile
config.status:1007: creating aplay/Makefile
config.status:1007: creating include/Makefile
config.status:1007: creating iecset/Makefile
config.status:1007: creating utils/Makefile
config.status:1007: creating utils/alsa-utils.spec
config.status:1007: creating seq/Makefile
config.status:1007: creating seq/aconnect/Makefile
config.status:1007: creating seq/aplaymidi/Makefile
config.status:1007: creating seq/aseqdump/Makefile
config.status:1007: creating seq/aseqnet/Makefile
config.status:1007: creating speaker-test/Makefile
config.status:1007: creating speaker-test/samples/Makefile
config.status:1007: creating alsaloop/Makefile
config.status:1007: creating alsa-info/Makefile
config.status:1007: creating axfer/Makefile
config.status:1007: creating axfer/test/Makefile
config.status:1007: creating include/aconfig.h
config.status:1188: include/aconfig.h is unchanged
config.status:1236: executing po-directories commands
config.status:1236: executing depfiles commands
config.status:1427: cd alsactl       && sed -e '/# am--include-marker/d' Makefile         | make -f - am--depfiles
make[1]: Entering directory '/home/jordan/Desktop/florianBador/alsa-utils-1.2.2/alsactl'
make[1]: Nothing to be done for 'am--depfiles'.
make[1]: Leaving directory '/home/jordan/Desktop/florianBador/alsa-utils-1.2.2/alsactl'
config.status:1432: $? = 0
config.status:1427: cd alsamixer       && sed -e '/# am--include-marker/d' Makefile         | make -f - am--depfiles
make[1]: Entering directory '/home/jordan/Desktop/florianBador/alsa-utils-1.2.2/alsamixer'
make[1]: Nothing to be done for 'am--depfiles'.
make[1]: Leaving directory '/home/jordan/Desktop/florianBador/alsa-utils-1.2.2/alsamixer'
config.status:1432: $? = 0
config.status:1427: cd amidi       && sed -e '/# am--include-marker/d' Makefile         | make -f - am--depfiles
make[1]: Entering directory '/home/jordan/Desktop/florianBador/alsa-utils-1.2.2/amidi'
make[1]: Nothing to be done for 'am--depfiles'.
make[1]: Leaving directory '/home/jordan/Desktop/florianBador/alsa-utils-1.2.2/amidi'
config.status:1432: $? = 0
config.status:1427: cd amixer       && sed -e '/# am--include-marker/d' Makefile         | make -f - am--depfiles
make[1]: Entering directory '/home/jordan/Desktop/florianBador/alsa-utils-1.2.2/amixer'
make[1]: Nothing to be done for 'am--depfiles'.
make[1]: Leaving directory '/home/jordan/Desktop/florianBador/alsa-utils-1.2.2/amixer'
config.status:1432: $? = 0
config.status:1427: cd alsaucm       && sed -e '/# am--include-marker/d' Makefile         | make -f - am--depfiles
make[1]: Entering directory '/home/jordan/Desktop/florianBador/alsa-utils-1.2.2/alsaucm'
make[1]: Nothing to be done for 'am--depfiles'.
make[1]: Leaving directory '/home/jordan/Desktop/florianBador/alsa-utils-1.2.2/alsaucm'
config.status:1432: $? = 0
config.status:1427: cd topology       && sed -e '/# am--include-marker/d' Makefile         | make -f - am--depfiles
make[1]: Entering directory '/home/jordan/Desktop/florianBador/alsa-utils-1.2.2/topology'
make[1]: Nothing to be done for 'am--depfiles'.
make[1]: Leaving directory '/home/jordan/Desktop/florianBador/alsa-utils-1.2.2/topology'
config.status:1432: $? = 0
config.status:1427: cd bat       && sed -e '/# am--include-marker/d' Makefile         | make -f - am--depfiles
make[1]: Entering directory '/home/jordan/Desktop/florianBador/alsa-utils-1.2.2/bat'
make[1]: Nothing to be done for 'am--depfiles'.
make[1]: Leaving directory '/home/jordan/Desktop/florianBador/alsa-utils-1.2.2/bat'
config.status:1432: $? = 0
config.status:1427: cd aplay       && sed -e '/# am--include-marker/d' Makefile         | make -f - am--depfiles
make[1]: Entering directory '/home/jordan/Desktop/florianBador/alsa-utils-1.2.2/aplay'
make[1]: Nothing to be done for 'am--depfiles'.
make[1]: Leaving directory '/home/jordan/Desktop/florianBador/alsa-utils-1.2.2/aplay'
config.status:1432: $? = 0
config.status:1427: cd iecset       && sed -e '/# am--include-marker/d' Makefile         | make -f - am--depfiles
make[1]: Entering directory '/home/jordan/Desktop/florianBador/alsa-utils-1.2.2/iecset'
make[1]: Nothing to be done for 'am--depfiles'.
make[1]: Leaving directory '/home/jordan/Desktop/florianBador/alsa-utils-1.2.2/iecset'
config.status:1432: $? = 0
config.status:1427: cd seq/aconnect       && sed -e '/# am--include-marker/d' Makefile         | make -f - am--depfiles
make[1]: Entering directory '/home/jordan/Desktop/florianBador/alsa-utils-1.2.2/seq/aconnect'
make[1]: Nothing to be done for 'am--depfiles'.
make[1]: Leaving directory '/home/jordan/Desktop/florianBador/alsa-utils-1.2.2/seq/aconnect'
config.status:1432: $? = 0
config.status:1427: cd seq/aplaymidi       && sed -e '/# am--include-marker/d' Makefile         | make -f - am--depfiles
make[1]: Entering directory '/home/jordan/Desktop/florianBador/alsa-utils-1.2.2/seq/aplaymidi'
make[1]: Nothing to be done for 'am--depfiles'.
make[1]: Leaving directory '/home/jordan/Desktop/florianBador/alsa-utils-1.2.2/seq/aplaymidi'
config.status:1432: $? = 0
config.status:1427: cd seq/aseqdump       && sed -e '/# am--include-marker/d' Makefile         | make -f - am--depfiles
make[1]: Entering directory '/home/jordan/Desktop/florianBador/alsa-utils-1.2.2/seq/aseqdump'
make[1]: Nothing to be done for 'am--depfiles'.
make[1]: Leaving directory '/home/jordan/Desktop/florianBador/alsa-utils-1.2.2/seq/aseqdump'
config.status:1432: $? = 0
config.status:1427: cd seq/aseqnet       && sed -e '/# am--include-marker/d' Makefile         | make -f - am--depfiles
make[1]: Entering directory '/home/jordan/Desktop/florianBador/alsa-utils-1.2.2/seq/aseqnet'
make[1]: Nothing to be done for 'am--depfiles'.
make[1]: Leaving directory '/home/jordan/Desktop/florianBador/alsa-utils-1.2.2/seq/aseqnet'
config.status:1432: $? = 0
config.status:1427: cd speaker-test       && sed -e '/# am--include-marker/d' Makefile         | make -f - am--depfiles
make[1]: Entering directory '/home/jordan/Desktop/florianBador/alsa-utils-1.2.2/speaker-test'
make[1]: Nothing to be done for 'am--depfiles'.
make[1]: Leaving directory '/home/jordan/Desktop/florianBador/alsa-utils-1.2.2/speaker-test'
config.status:1432: $? = 0
config.status:1427: cd alsaloop       && sed -e '/# am--include-marker/d' Makefile         | make -f - am--depfiles
make[1]: Entering directory '/home/jordan/Desktop/florianBador/alsa-utils-1.2.2/alsaloop'
make[1]: Nothing to be done for 'am--depfiles'.
make[1]: Leaving directory '/home/jordan/Desktop/florianBador/alsa-utils-1.2.2/alsaloop'
config.status:1432: $? = 0
config.status:1427: cd axfer       && sed -e '/# am--include-marker/d' Makefile         | make -f - am--depfiles
make[1]: Entering directory '/home/jordan/Desktop/florianBador/alsa-utils-1.2.2/axfer'
make[1]: Nothing to be done for 'am--depfiles'.
make[1]: Leaving directory '/home/jordan/Desktop/florianBador/alsa-utils-1.2.2/axfer'
config.status:1432: $? = 0
config.status:1427: cd axfer/test       && sed -e '/# am--include-marker/d' Makefile         | make -f - am--depfiles
make[1]: Entering directory '/home/jordan/Desktop/florianBador/alsa-utils-1.2.2/axfer/test'
make[1]: Nothing to be done for 'am--depfiles'.
make[1]: Leaving directory '/home/jordan/Desktop/florianBador/alsa-utils-1.2.2/axfer/test'
config.status:1432: $? = 0

## ---------------------- ##
## Running config.status. ##
## ---------------------- ##

This file was extended by alsa-utils config.status 1.2.2, which was
generated by GNU Autoconf 2.69.  Invocation command line was

  CONFIG_FILES    = 
  CONFIG_HEADERS  = 
  CONFIG_LINKS    = 
  CONFIG_COMMANDS = 
  $ ./config.status include/aconfig.h

on jordans-Yogurt

config.status:1007: creating include/aconfig.h
